This is pdfTeX, Version 3.1415926-2.3-1.40.12 (MiKTeX 2.9) (preloaded format=pdflatex 2013.1.25)  18 FEB 2013 13:14
entering extended mode
**F:/Study*Process/Program*Language/TEX/Practice/Minimalism/T.tex
("F:/Study Process/Program Language/TEX/Practice/Minimalism/T.tex"
LaTeX2e <2011/06/27>
Babel <v3.8m> and hyphenation patterns for loaded.
(D:\Share\Compose\CTEX\MiKTeX\tex\latex\base\article.cls
Document Class: article 2007/10/19 v1.4h Standard LaTeX document class
(D:\Share\Compose\CTEX\MiKTeX\tex\latex\base\size11.clo
File: size11.clo 2007/10/19 v1.4h Standard LaTeX file (size option)
)
\c@part=\count79
\c@section=\count80
\c@subsection=\count81
\c@subsubsection=\count82
\c@paragraph=\count83
\c@subparagraph=\count84
\c@figure=\count85
\c@table=\count86
\abovecaptionskip=\skip41
\belowcaptionskip=\skip42
\bibindent=\dimen102
)
("F:\Study Process\Program Language\TEX\Practice\Minimalism\T.aux")
LaTeX Font Info:    Checking defaults for OML/cmm/m/it on input line 5.
LaTeX Font Info:    ... okay on input line 5.
LaTeX Font Info:    Checking defaults for T1/cmr/m/n on input line 5.
LaTeX Font Info:    ... okay on input line 5.
LaTeX Font Info:    Checking defaults for OT1/cmr/m/n on input line 5.
LaTeX Font Info:    ... okay on input line 5.
LaTeX Font Info:    Checking defaults for OMS/cmsy/m/n on input line 5.
LaTeX Font Info:    ... okay on input line 5.
LaTeX Font Info:    Checking defaults for OMX/cmex/m/n on input line 5.
LaTeX Font Info:    ... okay on input line 5.
LaTeX Font Info:    Checking defaults for U/cmr/m/n on input line 5.
LaTeX Font Info:    ... okay on input line 5.
LaTeX Font Info:    External font `cmex10' loaded for size
(Font)              <12> on input line 7.
LaTeX Font Info:    External font `cmex10' loaded for size
(Font)              <8> on input line 7.
LaTeX Font Info:    External font `cmex10' loaded for size
(Font)              <6> on input line 7.

("F:\Study Process\Program Language\TEX\Practice\Minimalism\T.toc")
\tf@toc=\write3
 [1

{D:/Share/Compose/CTEX/UserData/pdftex/config/pdftex.map{Unicode.sfd}{UGBK.sfd}
}]
("F:\Study Process\Program Language\TEX\Practice\Minimalism\T.aux") ) 
Here is how much of TeX's memory you used:
 238 strings out of 495354
 2927 string characters out of 3183075
 47113 words of memory out of 3000000
 3477 multiletter control sequences out of 15000+200000
 7888 words of font info for 28 fonts, out of 3000000 for 9000
 14 hyphenation exceptions out of 8191
 21i,6n,19p,208b,187s stack positions out of 5000i,500n,10000p,200000b,50000s
<D:/Share/
Compose/CTEX/MiKTeX/fonts/type1/public/amsfonts/cm/cmbx10.pfb><D:/Share/Compose
/CTEX/MiKTeX/fonts/type1/public/amsfonts/cm/cmbx12.pfb><D:/Share/Compose/CTEX/M
iKTeX/fonts/type1/public/amsfonts/cm/cmr10.pfb><D:/Share/Compose/CTEX/MiKTeX/fo
nts/type1/public/amsfonts/cm/cmr12.pfb><D:/Share/Compose/CTEX/MiKTeX/fonts/type
1/public/amsfonts/cm/cmr17.pfb>
Output written on T.pdf (1 page, 60089 bytes).
PDF statistics:
 26 PDF objects out of 1000 (max. 8388607)
 0 named destinations out of 1000 (max. 500000)
 1 words of extra memory for PDF output out of 10000 (max. 10000000)

